<?xml version="1.0" encoding="UTF-8"?>
<testng-results ignored="0" total="1" passed="1" failed="0" skipped="0">
  <reporter-output>
  </reporter-output>
  <suite started-at="2022-02-09T10:17:00 IST" name="Suite" finished-at="2022-02-09T10:17:57 IST" duration-ms="56987">
    <groups>
    </groups>
    <test started-at="2022-02-09T10:17:00 IST" name="Test" finished-at="2022-02-09T10:17:57 IST" duration-ms="56987">
      <class name="pack.test.cases.Task1">
        <test-method signature="AspireOrder()[pri:0, instance:pack.test.cases.Task1@59505b48]" started-at="2022-02-09T10:17:03 IST" name="AspireOrder" finished-at="2022-02-09T10:17:57 IST" duration-ms="53831" status="PASS">
          <reporter-output>
          </reporter-output>
        </test-method> <!-- AspireOrder -->
      </class> <!-- pack.test.cases.Task1 -->
    </test> <!-- Test -->
  </suite> <!-- Suite -->
</testng-results>
